2026-06-11 18:43:02 [ERROR] __main__: Ошибка чтения файла: Файл не найден: orders.xlsx
2026-06-11 18:43:38 [INFO] excel_reader: Открываю файл: orders.xlsx, лист: Рейсы
2026-06-11 18:43:38 [INFO] excel_reader: Прочитано строк: 3 (включая 1 с ошибками)
2026-06-11 18:43:38 [WARNING] __main__: Найдено 1 строк с ошибками валидации (будут пропущены):
2026-06-11 18:43:38 [WARNING] __main__:   Строка 3 (заказ 'Пример: 1001234'): Поле 'Налоговая ставка НДС': некорректное число 'Пример: 20'; Поле 'Стоимость без НДС': некорректное число 'Пример: 83333.33'; Поле 'Стоимость с НДС': некорректное число 'Пример: 100000'
2026-06-11 18:43:38 [INFO] __main__: Всего строк для обработки: 2
2026-06-11 18:43:38 [INFO] __main__: [Строка 4] Обрабатываю заказ 0-MPPEE-2606-11-15-001
2026-06-11 18:43:39 [WARNING] __main__: [Строка 4] Заказ 0-MPPEE-2606-11-15-001 не найден в системе
2026-06-11 18:43:39 [INFO] __main__: [Строка 5] Обрабатываю заказ 0-MPPEE-2605-20-10-001
2026-06-11 18:43:39 [WARNING] __main__: [Строка 5] Заказ 0-MPPEE-2605-20-10-001 не найден в системе
2026-06-11 18:43:39 [INFO] __main__: 
2026-06-11 18:43:39 [INFO] __main__: ============================================================
2026-06-11 18:43:39 [INFO] __main__: ИТОГ:
2026-06-11 18:43:39 [INFO] __main__:   ✓ Успешно создано рейсов:  0
2026-06-11 18:43:39 [INFO] __main__:   ~ Пропущено (уже есть/статус): 0
2026-06-11 18:43:39 [INFO] __main__:   ✗ Ошибок:                  2
2026-06-11 18:43:39 [INFO] __main__:   ⚠ Строк с ошибками Excel:  1
2026-06-11 18:43:39 [INFO] __main__: ============================================================
2026-06-11 18:44:46 [INFO] excel_reader: Открываю файл: orders.xlsx, лист: Рейсы
2026-06-11 18:44:46 [INFO] excel_reader: Прочитано строк: 2 (включая 0 с ошибками)
2026-06-11 18:44:46 [INFO] __main__: Всего строк для обработки: 2
2026-06-11 18:44:46 [INFO] __main__: [Строка 3] Обрабатываю заказ 0-MPPEE-2606-11-15-001
2026-06-11 18:44:46 [WARNING] __main__: [Строка 3] Заказ 0-MPPEE-2606-11-15-001 не найден в системе
2026-06-11 18:44:46 [INFO] __main__: [Строка 4] Обрабатываю заказ 0-MPPEE-2605-20-10-001
2026-06-11 18:44:46 [WARNING] __main__: [Строка 4] Заказ 0-MPPEE-2605-20-10-001 не найден в системе
2026-06-11 18:44:46 [INFO] __main__: 
2026-06-11 18:44:46 [INFO] __main__: ============================================================
2026-06-11 18:44:46 [INFO] __main__: ИТОГ:
2026-06-11 18:44:46 [INFO] __main__:   ✓ Успешно создано рейсов:  0
2026-06-11 18:44:46 [INFO] __main__:   ~ Пропущено (уже есть/статус): 0
2026-06-11 18:44:46 [INFO] __main__:   ✗ Ошибок:                  2
2026-06-11 18:44:46 [INFO] __main__:   ⚠ Строк с ошибками Excel:  0
2026-06-11 18:44:46 [INFO] __main__: ============================================================
2026-06-11 18:45:40 [INFO] __main__: ============================================================
2026-06-11 18:45:40 [INFO] __main__: РЕЖИМ DRY RUN — реальные запросы создания НЕ выполняются
2026-06-11 18:45:40 [INFO] __main__: ============================================================
2026-06-11 18:45:40 [INFO] excel_reader: Открываю файл: orders.xlsx, лист: Рейсы
2026-06-11 18:45:40 [INFO] excel_reader: Прочитано строк: 2 (включая 0 с ошибками)
2026-06-11 18:45:40 [INFO] __main__: Всего строк для обработки: 2
2026-06-11 18:45:40 [INFO] __main__: [Строка 3] Обрабатываю заказ 0-MPPEE-2606-11-15-001
2026-06-11 18:45:41 [WARNING] __main__: [Строка 3] Заказ 0-MPPEE-2606-11-15-001 не найден в системе
2026-06-11 18:45:41 [INFO] __main__: [Строка 4] Обрабатываю заказ 0-MPPEE-2605-20-10-001
2026-06-11 18:45:41 [WARNING] __main__: [Строка 4] Заказ 0-MPPEE-2605-20-10-001 не найден в системе
2026-06-11 18:45:41 [INFO] __main__: 
2026-06-11 18:45:41 [INFO] __main__: ============================================================
2026-06-11 18:45:41 [INFO] __main__: ИТОГ:
2026-06-11 18:45:41 [INFO] __main__:   ✓ Успешно создано рейсов:  0
2026-06-11 18:45:41 [INFO] __main__:   ~ Пропущено (уже есть/статус): 0
2026-06-11 18:45:41 [INFO] __main__:   ✗ Ошибок:                  2
2026-06-11 18:45:41 [INFO] __main__:   ⚠ Строк с ошибками Excel:  0
2026-06-11 18:45:41 [INFO] __main__: ============================================================
2026-06-11 18:58:56 [INFO] excel_reader: Открываю файл: orders.xlsx, лист: Рейсы
2026-06-11 18:58:56 [INFO] excel_reader: Прочитано строк: 2 (включая 0 с ошибками)
2026-06-11 18:58:56 [INFO] __main__: Запрашиваю 2 заказов из API (пакетный запрос)...
2026-06-11 18:58:56 [INFO] __main__: Найдено в API: 0 из 2 заказов
2026-06-11 19:12:34 [INFO] excel_reader: Открываю файл: orders.xlsx, лист: Рейсы
2026-06-11 19:12:34 [INFO] excel_reader: Прочитано строк: 2 (включая 0 с ошибками)
2026-06-11 19:12:34 [INFO] __main__: Шаг 1: получаю UUID для 2 заказов...
2026-06-11 19:12:34 [INFO] __main__: Получено UUID: 1068
2026-06-11 19:12:34 [INFO] __main__: Шаг 2: получаю детали заказов через getFlatForExecutor...
2026-06-11 19:12:37 [INFO] __main__: Получено деталей: 0 заказов (из 2 запрошенных)
